<?xml version="1.0" encoding="UTF-8"?>
<!-- Generated by org.testng.reporters.JUnitXMLReporter -->
<testsuite hostname="HDC4-D-38S0RG2" ignored="1" name="Default test" tests="5" failures="0" timestamp="2019-10-29T17:09:12 IST" time="0.137" errors="0">
  <testcase name="login2" time="0.024" classname="testNGDemos.testNGLoginDemo"/>
  <testcase name="login2" time="0.003" classname="testNGDemos.testNGLoginDemo"/>
  <testcase name="login2" time="0.003" classname="testNGDemos.testNGLoginDemo"/>
  <testcase name="login2" time="0.002" classname="testNGDemos.testNGLoginDemo"/>
  <testcase name="login2" time="0.003" classname="testNGDemos.testNGLoginDemo"/>
  <testcase name="login" time="0.0" classname="testNGDemos.testNGLoginDemo">
    <ignored/>
  </testcase> <!-- login -->
</testsuite> <!-- Default test -->
