<?xml version="1.0" encoding="UTF-8"?>
<!-- Generated by org.testng.reporters.JUnitXMLReporter -->
<testsuite hostname="HDC4-D-38S0RG2" ignored="5" name="Test" tests="2" failures="0" timestamp="2019-10-29T17:39:31 IST" time="0.11" errors="0">
  <testcase name="addCart" time="0.02" classname="testNGDemos.testNGLoginDemo"/>
  <testcase name="removeCart" time="0.002" classname="testNGDemos.testNGLoginDemo"/>
  <testcase name="launch" time="0.0" classname="testNGDemos.testNGLoginDemo">
    <ignored/>
  </testcase> <!-- launch -->
  <testcase name="login2" time="0.0" classname="testNGDemos.testNGLoginDemo">
    <ignored/>
  </testcase> <!-- login2 -->
  <testcase name="login3" time="0.0" classname="testNGDemos.testNGLoginDemo">
    <ignored/>
  </testcase> <!-- login3 -->
  <testcase name="login" time="0.0" classname="testNGDemos.testNGLoginDemo">
    <ignored/>
  </testcase> <!-- login -->
  <testcase name="registration" time="0.0" classname="testNGDemos.testNGLoginDemo">
    <ignored/>
  </testcase> <!-- registration -->
</testsuite> <!-- Test -->
