<?xml version="1.0" encoding="UTF-8"?>
<testng-results skipped="0" failed="0" ignored="5" total="7" passed="2">
  <reporter-output>
  </reporter-output>
  <suite name="Suite" duration-ms="110" started-at="2019-10-29T17:39:31 IST" finished-at="2019-10-29T17:39:31 IST">
    <groups>
      <group name="Sanity">
        <method signature="testNGLoginDemo.removeCart(java.lang.String, java.lang.String)[pri:0, instance:testNGDemos.testNGLoginDemo@1d16f93d]" name="removeCart" class="testNGDemos.testNGLoginDemo"/>
      </group> <!-- Sanity -->
      <group name="Regression">
        <method signature="testNGLoginDemo.addCart(java.lang.String, java.lang.String)[pri:0, instance:testNGDemos.testNGLoginDemo@1d16f93d]" name="addCart" class="testNGDemos.testNGLoginDemo"/>
      </group> <!-- Regression -->
      <group name="UAT">
        <method signature="testNGLoginDemo.addCart(java.lang.String, java.lang.String)[pri:0, instance:testNGDemos.testNGLoginDemo@1d16f93d]" name="addCart" class="testNGDemos.testNGLoginDemo"/>
        <method signature="testNGLoginDemo.removeCart(java.lang.String, java.lang.String)[pri:0, instance:testNGDemos.testNGLoginDemo@1d16f93d]" name="removeCart" class="testNGDemos.testNGLoginDemo"/>
      </group> <!-- UAT -->
    </groups>
    <test name="Test" duration-ms="110" started-at="2019-10-29T17:39:31 IST" finished-at="2019-10-29T17:39:31 IST">
      <class name="testNGDemos.testNGLoginDemo">
        <test-method status="PASS" signature="addCart(java.lang.String, java.lang.String)[pri:0, instance:testNGDemos.testNGLoginDemo@1d16f93d]" name="addCart" duration-ms="20" started-at="2019-10-29T17:39:31 IST" finished-at="2019-10-29T17:39:31 IST">
          <params>
            <param index="0">
              <value>
                <![CDATA[Hyderabad]]>
              </value>
            </param>
            <param index="1">
              <value>
                <![CDATA[Hyderabad]]>
              </value>
            </param>
          </params>
          <reporter-output>
          </reporter-output>
        </test-method> <!-- addCart -->
        <test-method status="PASS" signature="removeCart(java.lang.String, java.lang.String)[pri:0, instance:testNGDemos.testNGLoginDemo@1d16f93d]" name="removeCart" duration-ms="2" started-at="2019-10-29T17:39:31 IST" finished-at="2019-10-29T17:39:31 IST">
          <params>
            <param index="0">
              <value>
                <![CDATA[Hyderabad]]>
              </value>
            </param>
            <param index="1">
              <value>
                <![CDATA[Hyderabad]]>
              </value>
            </param>
          </params>
          <reporter-output>
          </reporter-output>
        </test-method> <!-- removeCart -->
      </class> <!-- testNGDemos.testNGLoginDemo -->
    </test> <!-- Test -->
  </suite> <!-- Suite -->
</testng-results>
